#
# A fatal error has been detected by the Java Runtime Environment:
#
#  EXCEPTION_ACCESS_VIOLATION (0xc0000005) at pc=0x000000007589ef23, pid=13752, tid=0x0000000000002850
#
# JRE version: Java(TM) SE Runtime Environment (8.0_121-b13) (build 1.8.0_121-b13)
# Java VM: Java HotSpot(TM) 64-Bit Server VM (25.121-b13 mixed mode windows-amd64 compressed oops)
# Problematic frame:
# V  [jvm.dll+0x13ef23]
#
# Failed to write core dump. Minidumps are not enabled by default on client versions of Windows
#
# If you would like to submit a bug report, please visit:
#   http://bugreport.java.com/bugreport/crash.jsp
#

---------------  T H R E A D  ---------------

Current thread (0x0000000001a2e000):  JavaThread "main" [_thread_in_vm, id=10320, stack(0x0000000001840000,0x0000000001940000)]

siginfo: ExceptionCode=0xc0000005, reading address 0x00000003acd249e8

Registers:
RAX=0x0000000000000000, RBX=0x0000000001a2e000, RCX=0x0000000000000003, RDX=0x00000003acd24980
RSP=0x000000000193e5a0, RBP=0x000000000193e6f0, RSI=0x0000000001a2e1f8, RDI=0x0000000001a2e000
R8 =0xffff80043a6066d0, R9 =0x00007ffbc59f995f, R10=0x000000000000002f, R11=0x000000000000002f
R12=0x0000000000000000, R13=0x0000000000000000, R14=0x000000000193e938, R15=0x000000000193e908
RIP=0x000000007589ef23, EFLAGS=0x0000000000010202

Top of Stack: (sp=0x000000000193e5a0)
0x000000000193e5a0:   00007ffbc59f9930 0000000001a2e000
0x000000000193e5b0:   000000000193e6f0 0000000000000000
0x000000000193e5c0:   0000000001a2e000 0000000000000000
0x000000000193e5d0:   0000000000000000 0000000000000000
0x000000000193e5e0:   00000000155a7fe0 00007ffbc59e3244
0x000000000193e5f0:   0000000001a2e1f8 000000000193e6f0
0x000000000193e600:   0000000001a2e000 00000000034616a0
0x000000000193e610:   0000000000000000 0000000003461797
0x000000000193e620:   0000000003461aa0 0000000000000000
0x000000000193e630:   0000000000000000 0000000000000000
0x000000000193e640:   00000000034616a0 0000000001010000
0x000000000193e650:   0000000000000000 0000000000000000
0x000000000193e660:   0000000000000000 0000000000000000
0x000000000193e670:   0000000000000000 0000000000000000
0x000000000193e680:   0000000000000000 000000000193e940
0x000000000193e690:   000000000193e920 000000000193e908 

Instructions: (pc=0x000000007589ef23)
0x000000007589ef03:   00 00 48 8b 17 74 15 8b 52 08 8b 0d 95 08 66 00
0x000000007589ef13:   48 d3 e2 48 03 15 83 08 66 00 eb 04 48 8b 52 08
0x000000007589ef23:   48 8b 52 68 48 8b ce e8 11 78 0d 00 48 83 7c 24
0x000000007589ef33:   28 00 48 8b f0 74 0a 48 8d 4c 24 20 e8 cc ca 13 


Register to memory mapping:

RAX=0x0000000000000000 is an unknown value
RBX=0x0000000001a2e000 is a thread
RCX=0x0000000000000003 is an unknown value
RDX=0x00000003acd24980 is an unknown value
RSP=0x000000000193e5a0 is pointing into the stack for thread: 0x0000000001a2e000
RBP=0x000000000193e6f0 is pointing into the stack for thread: 0x0000000001a2e000
RSI=0x0000000001a2e1f8 is an unknown value
RDI=0x0000000001a2e000 is a thread
R8 =0xffff80043a6066d0 is an unknown value
R9 =0x00007ffbc59f995f is an unknown value
R10=0x000000000000002f is an unknown value
R11=0x000000000000002f is an unknown value
R12=0x0000000000000000 is an unknown value
R13=0x0000000000000000 is an unknown value
R14=0x000000000193e938 is pointing into the stack for thread: 0x0000000001a2e000
R15=0x000000000193e908 is pointing into the stack for thread: 0x0000000001a2e000


Stack: [0x0000000001840000,0x0000000001940000],  sp=0x000000000193e5a0,  free space=1017k
Native frames: (J=compiled Java code, j=interpreted, Vv=VM code, C=native code)
V  [jvm.dll+0x13ef23]
C  [sqljdbc_auth.dll+0x3244]
C  0x0000000003417f74

Java frames: (J=compiled Java code, j=interpreted, Vv=VM code)
j  com.microsoft.sqlserver.jdbc.AuthenticationJNI.SNISecGenClientContext([B[I[BI[B[I[ZLjava/lang/String;Ljava/lang/String;Ljava/lang/String;Ljava/util/logging/Logger;)I+0
j  com.microsoft.sqlserver.jdbc.AuthenticationJNI.GenerateClientContext([BI[B[I[Z)I+24
j  com.microsoft.sqlserver.jdbc.SQLServerConnection.SSPIData([B[B[I[ZLcom/microsoft/sqlserver/jdbc/AuthenticationJNI;)V+13
j  com.microsoft.sqlserver.jdbc.SQLServerConnection.sendLogon(Lcom/microsoft/sqlserver/jdbc/SQLServerConnection$LogonCommand;Lcom/microsoft/sqlserver/jdbc/AuthenticationJNI;)V+155
j  com.microsoft.sqlserver.jdbc.SQLServerConnection.logon(Lcom/microsoft/sqlserver/jdbc/SQLServerConnection$LogonCommand;)V+20
j  com.microsoft.sqlserver.jdbc.SQLServerConnection.access$000(Lcom/microsoft/sqlserver/jdbc/SQLServerConnection;Lcom/microsoft/sqlserver/jdbc/SQLServerConnection$LogonCommand;)V+2
j  com.microsoft.sqlserver.jdbc.SQLServerConnection$LogonCommand.doExecute()Z+5
j  com.microsoft.sqlserver.jdbc.TDSCommand.execute(Lcom/microsoft/sqlserver/jdbc/TDSWriter;Lcom/microsoft/sqlserver/jdbc/TDSReader;)Z+11
j  com.microsoft.sqlserver.jdbc.SQLServerConnection.executeCommand(Lcom/microsoft/sqlserver/jdbc/TDSCommand;)Z+37
j  com.microsoft.sqlserver.jdbc.SQLServerConnection.connectHelper(Ljava/lang/String;III)V+250
j  com.microsoft.sqlserver.jdbc.SQLServerConnection.loginWithoutFailover(Ljava/lang/String;Ljava/lang/String;IIJ)V+270
j  com.microsoft.sqlserver.jdbc.SQLServerConnection.connect(Ljava/util/Properties;Lcom/microsoft/sqlserver/jdbc/SQLServerPooledConnection;)Ljava/sql/Connection;+2276
j  com.microsoft.sqlserver.jdbc.SQLServerDriver.connect(Ljava/lang/String;Ljava/util/Properties;)Ljava/sql/Connection;+50
j  java.sql.DriverManager.getConnection(Ljava/lang/String;Ljava/util/Properties;Ljava/lang/Class;)Ljava/sql/Connection;+171
j  java.sql.DriverManager.getConnection(Ljava/lang/String;)Ljava/sql/Connection;+13
j  BLL.Connect.main([Ljava/lang/String;)V+4
v  ~StubRoutines::call_stub

---------------  P R O C E S S  ---------------

Java Threads: ( => current thread )
  0x0000000016f55000 JavaThread "Service Thread" daemon [_thread_blocked, id=6156, stack(0x0000000017320000,0x0000000017420000)]
  0x00000000155f0000 JavaThread "C1 CompilerThread2" daemon [_thread_blocked, id=3144, stack(0x0000000016e20000,0x0000000016f20000)]
  0x00000000155e1800 JavaThread "C2 CompilerThread1" daemon [_thread_blocked, id=12484, stack(0x0000000016d20000,0x0000000016e20000)]
  0x00000000155de000 JavaThread "C2 CompilerThread0" daemon [_thread_blocked, id=9808, stack(0x0000000016c20000,0x0000000016d20000)]
  0x00000000155dc000 JavaThread "Attach Listener" daemon [_thread_blocked, id=11928, stack(0x0000000016b20000,0x0000000016c20000)]
  0x00000000155db000 JavaThread "Signal Dispatcher" daemon [_thread_blocked, id=6092, stack(0x0000000016a20000,0x0000000016b20000)]
  0x0000000001b2b000 JavaThread "Finalizer" daemon [_thread_blocked, id=8948, stack(0x0000000016830000,0x0000000016930000)]
  0x0000000001b22000 JavaThread "Reference Handler" daemon [_thread_blocked, id=6164, stack(0x0000000016730000,0x0000000016830000)]
=>0x0000000001a2e000 JavaThread "main" [_thread_in_vm, id=10320, stack(0x0000000001840000,0x0000000001940000)]

Other Threads:
  0x00000000155a7000 VMThread [stack: 0x0000000016630000,0x0000000016730000] [id=10600]
  0x0000000016f69800 WatcherThread [stack: 0x0000000017420000,0x0000000017520000] [id=4108]

VM state:not at safepoint (normal execution)

VM Mutex/Monitor currently owned by a thread: None

Heap:
 PSYoungGen      total 18432K, used 4285K [0x00000000eb580000, 0x00000000eca00000, 0x0000000100000000)
  eden space 15872K, 10% used [0x00000000eb580000,0x00000000eb732af0,0x00000000ec500000)
  from space 2560K, 99% used [0x00000000ec500000,0x00000000ec77cb10,0x00000000ec780000)
  to   space 2560K, 0% used [0x00000000ec780000,0x00000000ec780000,0x00000000eca00000)
 ParOldGen       total 42496K, used 1468K [0x00000000c2000000, 0x00000000c4980000, 0x00000000eb580000)
  object space 42496K, 3% used [0x00000000c2000000,0x00000000c216f0a8,0x00000000c4980000)
 Metaspace       used 8360K, capacity 8626K, committed 8704K, reserved 1056768K
  class space    used 908K, capacity 995K, committed 1024K, reserved 1048576K

Card table byte_map: [0x0000000012400000,0x0000000012600000] byte_map_base: 0x0000000011df0000

Marking Bits: (ParMarkBitMap*) 0x0000000075f7b6d0
 Begin Bits: [0x0000000012b50000, 0x0000000013ad0000)
 End Bits:   [0x0000000013ad0000, 0x0000000014a50000)

Polling page: 0x0000000001030000

CodeCache: size=245760Kb used=3093Kb max_used=3105Kb free=242666Kb
 bounds [0x0000000003400000, 0x0000000003710000, 0x0000000012400000]
 total_blobs=1204 nmethods=864 adapters=253
 compilation: enabled

Compilation events (10 events):
Event: 1.008 Thread 0x00000000155e1800  861       4       java.lang.String::replace (127 bytes)
Event: 1.008 Thread 0x00000000155f0000  862   !   3       sun.reflect.GeneratedConstructorAccessor3::newInstance (49 bytes)
Event: 1.009 Thread 0x00000000155f0000 nmethod 862 0x0000000003703f50 code [0x0000000003704120, 0x0000000003704648]
Event: 1.011 Thread 0x00000000155f0000  863       1       sun.security.jca.ProviderList::access$100 (5 bytes)
Event: 1.011 Thread 0x00000000155f0000 nmethod 863 0x0000000003704950 code [0x0000000003704aa0, 0x0000000003704b90]
Event: 1.013 Thread 0x00000000155de000  864       4       sun.nio.cs.UTF_8$Encoder::encode (359 bytes)
Event: 1.014 Thread 0x00000000155f0000  865       3       java.io.WinNTFileSystem::prefixLength (91 bytes)
Event: 1.015 Thread 0x00000000155f0000 nmethod 865 0x0000000003705090 code [0x0000000003705280, 0x0000000003705e08]
Event: 1.016 Thread 0x00000000155de000 nmethod 864 0x00000000037090d0 code [0x0000000003709220, 0x0000000003709478]
Event: 1.017 Thread 0x00000000155e1800 nmethod 861 0x0000000003707410 code [0x0000000003707560, 0x00000000037079f8]

GC Heap History (2 events):
Event: 0.967 GC heap before
{Heap before GC invocations=1 (full 0):
 PSYoungGen      total 18432K, used 15872K [0x00000000eb580000, 0x00000000eca00000, 0x0000000100000000)
  eden space 15872K, 100% used [0x00000000eb580000,0x00000000ec500000,0x00000000ec500000)
  from space 2560K, 0% used [0x00000000ec780000,0x00000000ec780000,0x00000000eca00000)
  to   space 2560K, 0% used [0x00000000ec500000,0x00000000ec500000,0x00000000ec780000)
 ParOldGen       total 42496K, used 0K [0x00000000c2000000, 0x00000000c4980000, 0x00000000eb580000)
  object space 42496K, 0% used [0x00000000c2000000,0x00000000c2000000,0x00000000c4980000)
 Metaspace       used 8043K, capacity 8332K, committed 8448K, reserved 1056768K
  class space    used 874K, capacity 962K, committed 1024K, reserved 1048576K
Event: 0.971 GC heap after
Heap after GC invocations=1 (full 0):
 PSYoungGen      total 18432K, used 2546K [0x00000000eb580000, 0x00000000eca00000, 0x0000000100000000)
  eden space 15872K, 0% used [0x00000000eb580000,0x00000000eb580000,0x00000000ec500000)
  from space 2560K, 99% used [0x00000000ec500000,0x00000000ec77cb10,0x00000000ec780000)
  to   space 2560K, 0% used [0x00000000ec780000,0x00000000ec780000,0x00000000eca00000)
 ParOldGen       total 42496K, used 1468K [0x00000000c2000000, 0x00000000c4980000, 0x00000000eb580000)
  object space 42496K, 3% used [0x00000000c2000000,0x00000000c216f0a8,0x00000000c4980000)
 Metaspace       used 8043K, capacity 8332K, committed 8448K, reserved 1056768K
  class space    used 874K, capacity 962K, committed 1024K, reserved 1048576K
}

Deoptimization events (10 events):
Event: 0.365 Thread 0x0000000001a2e000 Uncommon trap: reason=class_check action=maybe_recompile pc=0x00000000035fce6c method=java.util.regex.Pattern$BmpCharProperty.match(Ljava/util/regex/Matcher;ILjava/lang/CharSequence;)Z @ 16
Event: 0.365 Thread 0x0000000001a2e000 Uncommon trap: reason=class_check action=maybe_recompile pc=0x00000000035fce6c method=java.util.regex.Pattern$BmpCharProperty.match(Ljava/util/regex/Matcher;ILjava/lang/CharSequence;)Z @ 16
Event: 0.365 Thread 0x0000000001a2e000 Uncommon trap: reason=class_check action=maybe_recompile pc=0x00000000035fce6c method=java.util.regex.Pattern$BmpCharProperty.match(Ljava/util/regex/Matcher;ILjava/lang/CharSequence;)Z @ 16
Event: 0.605 Thread 0x0000000001a2e000 Uncommon trap: reason=unstable_if action=reinterpret pc=0x00000000035f41dc method=java.lang.CharacterDataLatin1.digit(II)I @ 82
Event: 0.687 Thread 0x0000000001a2e000 Uncommon trap: reason=bimorphic action=maybe_recompile pc=0x000000000360d484 method=java.util.regex.Pattern$BmpCharProperty.match(Ljava/util/regex/Matcher;ILjava/lang/CharSequence;)Z @ 31
Event: 0.687 Thread 0x0000000001a2e000 Uncommon trap: reason=bimorphic action=maybe_recompile pc=0x000000000360d484 method=java.util.regex.Pattern$BmpCharProperty.match(Ljava/util/regex/Matcher;ILjava/lang/CharSequence;)Z @ 31
Event: 0.688 Thread 0x0000000001a2e000 Uncommon trap: reason=bimorphic action=maybe_recompile pc=0x000000000360d484 method=java.util.regex.Pattern$BmpCharProperty.match(Ljava/util/regex/Matcher;ILjava/lang/CharSequence;)Z @ 31
Event: 0.688 Thread 0x0000000001a2e000 Uncommon trap: reason=bimorphic action=maybe_recompile pc=0x000000000360d484 method=java.util.regex.Pattern$BmpCharProperty.match(Ljava/util/regex/Matcher;ILjava/lang/CharSequence;)Z @ 31
Event: 0.972 Thread 0x0000000001a2e000 Uncommon trap: reason=unstable_if action=reinterpret pc=0x0000000003680a98 method=java.lang.ref.SoftReference.get()Ljava/lang/Object; @ 17
Event: 1.008 Thread 0x0000000001a2e000 Uncommon trap: reason=unstable_if action=reinterpret pc=0x00000000036fae70 method=java.security.MessageDigest.isEqual([B[B)Z @ 12

Internal exceptions (9 events):
Event: 0.025 Thread 0x0000000001a2e000 Exception <a 'java/lang/NoSuchMethodError': Method sun.misc.Unsafe.defineClass(Ljava/lang/String;[BII)Ljava/lang/Class; name or signature does not match> (0x00000000eb587ca8) thrown at [C:\re\workspace\8-2-build-windows-amd64-cygwin\jdk8u121\8372\hotspot\
Event: 0.025 Thread 0x0000000001a2e000 Exception <a 'java/lang/NoSuchMethodError': Method sun.misc.Unsafe.prefetchRead(Ljava/lang/Object;J)V name or signature does not match> (0x00000000eb587f90) thrown at [C:\re\workspace\8-2-build-windows-amd64-cygwin\jdk8u121\8372\hotspot\src\share\vm\prims
Event: 0.089 Thread 0x0000000001a2e000 Exception <a 'java/security/PrivilegedActionException'> (0x00000000eb692880) thrown at [C:\re\workspace\8-2-build-windows-amd64-cygwin\jdk8u121\8372\hotspot\src\share\vm\prims\jvm.cpp, line 1390]
Event: 0.089 Thread 0x0000000001a2e000 Exception <a 'java/security/PrivilegedActionException'> (0x00000000eb692a90) thrown at [C:\re\workspace\8-2-build-windows-amd64-cygwin\jdk8u121\8372\hotspot\src\share\vm\prims\jvm.cpp, line 1390]
Event: 0.089 Thread 0x0000000001a2e000 Exception <a 'java/security/PrivilegedActionException'> (0x00000000eb6969a0) thrown at [C:\re\workspace\8-2-build-windows-amd64-cygwin\jdk8u121\8372\hotspot\src\share\vm\prims\jvm.cpp, line 1390]
Event: 0.089 Thread 0x0000000001a2e000 Exception <a 'java/security/PrivilegedActionException'> (0x00000000eb696bb0) thrown at [C:\re\workspace\8-2-build-windows-amd64-cygwin\jdk8u121\8372\hotspot\src\share\vm\prims\jvm.cpp, line 1390]
Event: 0.660 Thread 0x0000000001a2e000 Exception <a 'java/lang/NoSuchFieldError': method resolution failed> (0x00000000ebf35bd8) thrown at [C:\re\workspace\8-2-build-windows-amd64-cygwin\jdk8u121\8372\hotspot\src\share\vm\prims\methodHandles.cpp, line 1146]
Event: 0.662 Thread 0x0000000001a2e000 Exception <a 'java/lang/NoSuchFieldError': method resolution failed> (0x00000000ebf43328) thrown at [C:\re\workspace\8-2-build-windows-amd64-cygwin\jdk8u121\8372\hotspot\src\share\vm\prims\methodHandles.cpp, line 1146]
Event: 1.008 Thread 0x0000000001a2e000 Implicit null exception at 0x00000000036facf9 to 0x00000000036fae5d

Events (10 events):
Event: 1.011 loading class java/lang/StrictMath
Event: 1.011 loading class java/lang/StrictMath done
Event: 1.012 loading class com/microsoft/sqlserver/jdbc/TDSCommand$1AttentionAckHandler
Event: 1.012 loading class com/microsoft/sqlserver/jdbc/TDSCommand$1AttentionAckHandler done
Event: 1.013 loading class com/microsoft/sqlserver/jdbc/AuthenticationJNI
Event: 1.013 loading class com/microsoft/sqlserver/jdbc/AuthenticationJNI done
Event: 1.013 Thread 0x0000000001a2e000 DEOPT PACKING pc=0x00000000035ca428 sp=0x000000000193c8d0
Event: 1.013 Thread 0x0000000001a2e000 DEOPT UNPACKING pc=0x000000000344787f sp=0x000000000193c600 mode 0
Event: 1.014 loading class java/lang/ClassLoaderHelper
Event: 1.014 loading class java/lang/ClassLoaderHelper done


Dynamic libraries:
0x00007ff6989a0000 - 0x00007ff6989d7000 	C:\Program Files\Java\jdk1.8.0_121\bin\java.exe
0x00007ffbeb4d0000 - 0x00007ffbeb6a1000 	C:\Windows\SYSTEM32\ntdll.dll
0x00007ffbeaf10000 - 0x00007ffbeafbc000 	C:\Windows\System32\KERNEL32.DLL
0x00007ffbe7b20000 - 0x00007ffbe7d3d000 	C:\Windows\System32\KERNELBASE.dll
0x00007ffbeb3c0000 - 0x00007ffbeb462000 	C:\Windows\System32\ADVAPI32.dll
0x00007ffbeb240000 - 0x00007ffbeb2de000 	C:\Windows\System32\msvcrt.dll
0x00007ffbea970000 - 0x00007ffbea9c9000 	C:\Windows\System32\sechost.dll
0x00007ffbea9d0000 - 0x00007ffbeaaf1000 	C:\Windows\System32\RPCRT4.dll
0x00007ffbeb0a0000 - 0x00007ffbeb205000 	C:\Windows\System32\USER32.dll
0x00007ffbe8930000 - 0x00007ffbe894e000 	C:\Windows\System32\win32u.dll
0x00007ffbe8ef0000 - 0x00007ffbe8f24000 	C:\Windows\System32\GDI32.dll
0x00007ffbe85e0000 - 0x00007ffbe8760000 	C:\Windows\System32\gdi32full.dll
0x00007ffbe19f0000 - 0x00007ffbe1c6a000 	C:\Windows\WinSxS\amd64_microsoft.windows.common-controls_6595b64144ccf1df_6.0.14393.953_none_42151e83c686086b\COMCTL32.dll
0x00007ffbe8c20000 - 0x00007ffbe8ee8000 	C:\Windows\System32\combase.dll
0x00007ffbe84e0000 - 0x00007ffbe85d5000 	C:\Windows\System32\ucrtbase.dll
0x00007ffbe8420000 - 0x00007ffbe848a000 	C:\Windows\System32\bcryptPrimitives.dll
0x00007ffbeb210000 - 0x00007ffbeb23e000 	C:\Windows\System32\IMM32.DLL
0x0000000051850000 - 0x0000000051922000 	C:\Program Files\Java\jdk1.8.0_121\jre\bin\msvcr100.dll
0x0000000075760000 - 0x0000000075ffb000 	C:\Program Files\Java\jdk1.8.0_121\jre\bin\server\jvm.dll
0x00007ffbe8a70000 - 0x00007ffbe8a78000 	C:\Windows\System32\PSAPI.DLL
0x00007ffbd7a00000 - 0x00007ffbd7a09000 	C:\Windows\SYSTEM32\WSOCK32.dll
0x00007ffbe58f0000 - 0x00007ffbe5913000 	C:\Windows\SYSTEM32\WINMM.dll
0x00007ffbe1dd0000 - 0x00007ffbe1dda000 	C:\Windows\SYSTEM32\VERSION.dll
0x00007ffbeb2e0000 - 0x00007ffbeb34a000 	C:\Windows\System32\WS2_32.dll
0x00000000017c0000 - 0x00000000017eb000 	C:\Windows\SYSTEM32\WINMMBASE.dll
0x00007ffbe8490000 - 0x00007ffbe84d2000 	C:\Windows\System32\cfgmgr32.dll
0x0000000052710000 - 0x000000005271f000 	C:\Program Files\Java\jdk1.8.0_121\jre\bin\verify.dll
0x0000000051e60000 - 0x0000000051e89000 	C:\Program Files\Java\jdk1.8.0_121\jre\bin\java.dll
0x00000000519c0000 - 0x00000000519d6000 	C:\Program Files\Java\jdk1.8.0_121\jre\bin\zip.dll
0x00007ffbe8f30000 - 0x00007ffbea438000 	C:\Windows\System32\SHELL32.dll
0x00007ffbe7d40000 - 0x00007ffbe841a000 	C:\Windows\System32\windows.storage.dll
0x00007ffbe7970000 - 0x00007ffbe79bc000 	C:\Windows\System32\powrprof.dll
0x00007ffbe8a80000 - 0x00007ffbe8ad2000 	C:\Windows\System32\shlwapi.dll
0x00007ffbe79c0000 - 0x00007ffbe79cf000 	C:\Windows\System32\kernel.appcore.dll
0x00007ffbe8950000 - 0x00007ffbe89f9000 	C:\Windows\System32\shcore.dll
0x00007ffbe7940000 - 0x00007ffbe7954000 	C:\Windows\System32\profapi.dll
0x00000000519a0000 - 0x00000000519ba000 	C:\Program Files\Java\jdk1.8.0_121\jre\bin\net.dll
0x00007ffbe7210000 - 0x00007ffbe726c000 	C:\Windows\system32\mswsock.dll
0x00007ffbe6fd0000 - 0x00007ffbe7071000 	C:\Windows\SYSTEM32\DNSAPI.dll
0x00007ffbeada0000 - 0x00007ffbeada8000 	C:\Windows\System32\NSI.dll
0x00007ffbe6f90000 - 0x00007ffbe6fc8000 	C:\Windows\SYSTEM32\IPHLPAPI.DLL
0x00000000527c0000 - 0x00000000527e6000 	C:\Program Files\Bonjour\mdnsNSP.dll
0x00007ffbd7af0000 - 0x00007ffbd7afa000 	C:\Windows\System32\rasadhlp.dll
0x00007ffbddfe0000 - 0x00007ffbde04a000 	C:\Windows\System32\fwpuclnt.dll
0x00007ffbe7880000 - 0x00007ffbe78ab000 	C:\Windows\SYSTEM32\bcrypt.dll
0x0000000075590000 - 0x00000000755b4000 	C:\Program Files\Java\jdk1.8.0_121\jre\bin\sunec.dll
0x00007ffbde410000 - 0x00007ffbde426000 	C:\Windows\SYSTEM32\dhcpcsvc6.DLL
0x00007ffbe18f0000 - 0x00007ffbe190a000 	C:\Windows\SYSTEM32\dhcpcsvc.DLL
0x0000000051980000 - 0x0000000051991000 	C:\Program Files\Java\jdk1.8.0_121\jre\bin\nio.dll
0x00007ffbe73b0000 - 0x00007ffbe73c7000 	C:\Windows\SYSTEM32\CRYPTSP.dll
0x00007ffbe6e10000 - 0x00007ffbe6e43000 	C:\Windows\system32\rsaenh.dll
0x00007ffbe7090000 - 0x00007ffbe70af000 	C:\Windows\SYSTEM32\USERENV.dll
0x00007ffbe7870000 - 0x00007ffbe787b000 	C:\Windows\SYSTEM32\CRYPTBASE.dll
0x0000000051840000 - 0x000000005184b000 	C:\Program Files\Java\jdk1.8.0_121\jre\bin\sunmscapi.dll
0x00007ffbe8760000 - 0x00007ffbe8929000 	C:\Windows\System32\CRYPT32.dll
0x00007ffbe7960000 - 0x00007ffbe7970000 	C:\Windows\System32\MSASN1.dll
0x00007ffbc59e0000 - 0x00007ffbc5a0c000 	C:\Windows\System32\sqljdbc_auth.dll
0x00007ffbe46c0000 - 0x00007ffbe46cc000 	C:\Windows\system32\secur32.dll
0x00007ffbe75a0000 - 0x00007ffbe75cc000 	C:\Windows\SYSTEM32\SSPICLI.DLL
0x00007ffbe72c0000 - 0x00007ffbe73b0000 	C:\Windows\system32\kerberos.DLL
0x00007ffbe71a0000 - 0x00007ffbe7207000 	C:\Windows\system32\msv1_0.DLL
0x00007ffbe7190000 - 0x00007ffbe719c000 	C:\Windows\SYSTEM32\NtlmShared.dll
0x00007ffbe7270000 - 0x00007ffbe7285000 	C:\Windows\SYSTEM32\cryptdll.dll
0x00007ffbddeb0000 - 0x00007ffbdded9000 	C:\Windows\system32\ntdsapi.dll
0x00007ffbbb340000 - 0x00007ffbbb356000 	C:\Windows\system32\napinsp.dll
0x00007ffbc8db0000 - 0x00007ffbc8dca000 	C:\Windows\system32\pnrpnsp.dll
0x00007ffbe4fe0000 - 0x00007ffbe4ff8000 	C:\Windows\system32\NLAapi.dll
0x00007ffbb6450000 - 0x00007ffbb645e000 	C:\Windows\System32\winrnr.dll
0x00007ffbb6500000 - 0x00007ffbb6515000 	C:\Windows\System32\wshbth.dll
0x00007ffbe4ce0000 - 0x00007ffbe4e72000 	C:\Windows\SYSTEM32\dbghelp.dll

VM Arguments:
jvm_args: -Dfile.encoding=UTF-8 
java_command: BLL.Connect
java_class_path (initial): C:\Users\HOME\Documents\javaa\BaiTap\lib\Microsoft JDBC Driver 4;C:\Users\HOME\Documents\javaa\BaiTap\lib\absolutelayout\AbsoluteLayout.jar;C:\Users\HOME\Documents\javaa\BaiTap\lib\jtds-1.3.1-dist.zip;C:\Users\HOME\Documents\javaa\BaiTap\lib\rs2xml.jar;C:\Users\HOME\Documents\javaa\BaiTap\lib\sqljdbc4.jar;C:\Users\HOME\Documents\javaa\BaiTap\lib\sqljdbc42.jar;C:\Users\HOME\Documents\javaa\BaiTap\build\classes
Launcher Type: SUN_STANDARD

Environment Variables:
CLASSPATH=.;C:\PROGRA~1\IBM\SQLLIB\java\db2java.zip;C:\PROGRA~1\IBM\SQLLIB\java\db2jcc.jar;C:\PROGRA~1\IBM\SQLLIB\java\sqlj.zip;C:\PROGRA~1\IBM\SQLLIB\java\db2jcc_license_cu.jar;C:\PROGRA~1\IBM\SQLLIB\bin;C:\PROGRA~1\IBM\SQLLIB\java\common.jar
PATH=C:\ProgramData\Oracle\Java\javapath;C:\Program Files (x86)\Intel\iCLS Client\;C:\Program Files\Intel\iCLS Client\;C:\Windows\system32;C:\Windows;C:\Windows\System32\Wbem;C:\Windows\System32\WindowsPowerShell\v1.0\;C:\Program Files (x86)\Intel\Intel(R) Management Engine Components\DAL;C:\Program Files\Intel\Intel(R) Management Engine Components\DAL;C:\Program Files (x86)\Intel\Intel(R) Management Engine Components\IPT;C:\Program Files\Intel\Intel(R) Management Engine Components\IPT;C:\Program Files\Microsoft SQL Server\130\Tools\Binn\;C:\Program Files\Microsoft SQL Server\110\Tools\Binn\;C:\Program Files (x86)\Microsoft SQL Server\110\Tools\Binn\;C:\Program Files\Microsoft SQL Server\110\DTS\Binn\;C:\Program Files (x86)\Microsoft SQL Server\110\Tools\Binn\ManagementStudio\;C:\Program Files (x86)\Microsoft Visual Studio 10.0\Common7\IDE\PrivateAssemblies\;C:\Program Files (x86)\Microsoft SQL Server\110\DTS\Binn\;C:\Program Files\Git\cmd;C:\Program Files\TortoiseGit\bin;C:\Program Files\ibm\gsk8\lib64;C:\Program Files (x86)\ibm\gsk8\lib;C:\Windows\system32\config\systemprofile\.dnx\bin;C:\Program Files\Microsoft DNX\Dnvm\;C:\Program Files\Microsoft SQL Server\120\Tools\Binn\;C:\Program Files (x86)\nodejs\;C:\Program Files (x86)\Windows Kits\10\Windows Performance Toolkit\;C:\Program Files\Microsoft\Web Platform Installer\;C:\Program Files (x86)\Microsoft ASP.NET\ASP.NET Web Pages\v1.0\;C:\Program Files (x86)\Windows Kits\8.0\Windows Performance Toolkit\;C:\PROGRA~1\IBM\SQLLIB\BIN;C:\PROGRA~1\IBM\SQLLIB\FUNCTION;C:\PROGRA~1\IBM\SQLLIB\SAMPLES\REPL;C:\Users\HOME\AppData\Local\Microsoft\WindowsApps;C:\Users\HOME\AppData\Roaming\npm
USERNAME=DEVIL
OS=Windows_NT
PROCESSOR_IDENTIFIER=Intel64 Family 6 Model 142 Stepping 9, GenuineIntel



---------------  S Y S T E M  ---------------

OS: Windows 10.0 , 64 bit Build 14393 (10.0.14393.1198)

CPU:total 4 (2 cores per cpu, 2 threads per core) family 6 model 142 stepping 9, cmov, cx8, fxsr, mmx, sse, sse2, sse3, ssse3, sse4.1, sse4.2, popcnt, avx, avx2, aes, clmul, erms, 3dnowpref, lzcnt, ht, tsc, tscinvbit, bmi1, bmi2, adx

Memory: 4k page, physical 4060320k(540292k free), swap 11475024k(4367328k free)

vm_info: Java HotSpot(TM) 64-Bit Server VM (25.121-b13) for windows-amd64 JRE (1.8.0_121-b13), built on Dec 12 2016 18:21:36 by "java_re" with MS VC++ 10.0 (VS2010)

time: Thu Jun 22 19:20:06 2017
elapsed time: 1 seconds (0d 0h 0m 1s)

